[debug] [2017-07-28T15:43:43.957Z] ----------------------------------------------------------------------
[debug] [2017-07-28T15:43:43.962Z] Command:      /usr/local/bin/node /usr/local/bin/firebase deploy
[debug] [2017-07-28T15:43:43.962Z] CLI Version:  3.9.1
[debug] [2017-07-28T15:43:43.963Z] Platform:     darwin
[debug] [2017-07-28T15:43:43.963Z] Node Version: v6.10.3
[debug] [2017-07-28T15:43:43.963Z] Time:         Fri Jul 28 2017 16:43:43 GMT+0100 (BST)
[debug] [2017-07-28T15:43:43.963Z] ----------------------------------------------------------------------
[debug] 
[debug] [2017-07-28T15:43:43.982Z] > command requires scopes: ["email","openid","https://www.googleapis.com/auth/cloudplatformprojects.readonly","https://www.googleapis.com/auth/firebase","https://www.googleapis.com/auth/cloud-platform"]
[debug] [2017-07-28T15:43:43.982Z] > authorizing via signed-in user
[debug] [2017-07-28T15:43:43.985Z] >>> HTTP REQUEST GET https://admin.firebase.com/v1/projects/therichestgraduate  
 Fri Jul 28 2017 16:43:43 GMT+0100 (BST)
[debug] [2017-07-28T15:43:45.434Z] <<< HTTP RESPONSE 200
[debug] [2017-07-28T15:43:45.436Z] >>> HTTP REQUEST GET https://admin.firebase.com/v1/database/therichestgraduate/tokens  
 Fri Jul 28 2017 16:43:45 GMT+0100 (BST)
[debug] [2017-07-28T15:43:46.137Z] <<< HTTP RESPONSE 200
[info] 
[info] === Deploying to 'therichestgraduate'...
[info] 
[info] i  deploying hosting
[info] i  hosting: preparing public directory for upload...
[debug] [2017-07-28T15:43:58.122Z] >>> HTTP REQUEST PUT https://deploy.firebase.com/v1/hosting/therichestgraduate/uploads/-Kq8rYJRyaCnhxZ9yQbZ?fileCount=46&message=  
 Fri Jul 28 2017 16:43:58 GMT+0100 (BST)
[debug] [2017-07-28T16:03:20.583Z] Error: write EPIPE
[error] 
[error] Error: Server Error. write EPIPE
